[INFO ] 2018-07-25 14:02:20 [restartedMain] w.v.trading.TradingApplication50: Starting TradingApplication on Jasons-MBP with PID 54970 (/Users/zhangbin/skio/code/java/trading/target/classes started by zhangbin in /Users/zhangbin/skio/code/java/trading) 
[DEBUG] 2018-07-25 14:02:20 [restartedMain] w.v.trading.TradingApplication53: Running with Spring Boot v2.0.3.RELEASE, Spring v5.0.7.RELEASE 
[INFO ] 2018-07-25 14:02:20 [restartedMain] w.v.trading.TradingApplication659: No active profile set, falling back to default profiles: default 
[INFO ] 2018-07-25 14:02:23 [restartedMain] w.v.trading.TradingApplication59: Started TradingApplication in 3.095 seconds (JVM running for 3.994) 
[INFO ] 2018-07-25 14:05:18 [restartedMain] w.v.trading.TradingApplication50: Starting TradingApplication on Jasons-MBP with PID 55015 (/Users/zhangbin/skio/code/java/trading/target/classes started by zhangbin in /Users/zhangbin/skio/code/java/trading) 
[DEBUG] 2018-07-25 14:05:18 [restartedMain] w.v.trading.TradingApplication53: Running with Spring Boot v2.0.3.RELEASE, Spring v5.0.7.RELEASE 
[INFO ] 2018-07-25 14:05:18 [restartedMain] w.v.trading.TradingApplication659: No active profile set, falling back to default profiles: default 
[INFO ] 2018-07-25 14:05:20 [restartedMain] w.v.trading.TradingApplication59: Started TradingApplication in 3.061 seconds (JVM running for 3.998) 
[INFO ] 2018-07-25 14:34:45 [restartedMain] w.v.trading.TradingApplication50: Starting TradingApplication on Jasons-MBP with PID 55378 (/Users/zhangbin/skio/code/java/trading/target/classes started by zhangbin in /Users/zhangbin/skio/code/java/trading) 
[DEBUG] 2018-07-25 14:34:45 [restartedMain] w.v.trading.TradingApplication53: Running with Spring Boot v2.0.3.RELEASE, Spring v5.0.7.RELEASE 
[INFO ] 2018-07-25 14:34:46 [restartedMain] w.v.trading.TradingApplication659: No active profile set, falling back to default profiles: default 
[INFO ] 2018-07-25 14:34:49 [restartedMain] w.v.trading.TradingApplication59: Started TradingApplication in 3.782 seconds (JVM running for 4.763) 
[INFO ] 2018-07-25 14:38:04 [restartedMain] w.v.trading.TradingApplication50: Starting TradingApplication on Jasons-MBP with PID 55428 (/Users/zhangbin/skio/code/java/trading/target/classes started by zhangbin in /Users/zhangbin/skio/code/java/trading) 
[DEBUG] 2018-07-25 14:38:04 [restartedMain] w.v.trading.TradingApplication53: Running with Spring Boot v2.0.3.RELEASE, Spring v5.0.7.RELEASE 
[INFO ] 2018-07-25 14:38:04 [restartedMain] w.v.trading.TradingApplication659: No active profile set, falling back to default profiles: default 
[INFO ] 2018-07-25 14:38:07 [restartedMain] w.v.trading.TradingApplication59: Started TradingApplication in 3.678 seconds (JVM running for 4.67) 
[INFO ] 2018-07-25 17:16:07 [restartedMain] w.v.trading.TradingApplication50: Starting TradingApplication on Jasons-MBP with PID 57207 (/Users/zhangbin/skio/code/java/trading/target/classes started by zhangbin in /Users/zhangbin/skio/code/java/trading) 
[DEBUG] 2018-07-25 17:16:07 [restartedMain] w.v.trading.TradingApplication53: Running with Spring Boot v2.0.3.RELEASE, Spring v5.0.7.RELEASE 
[INFO ] 2018-07-25 17:16:07 [restartedMain] w.v.trading.TradingApplication659: No active profile set, falling back to default profiles: default 
[INFO ] 2018-07-25 17:19:33 [restartedMain] w.v.trading.TradingApplication50: Starting TradingApplication on Jasons-MBP with PID 57253 (/Users/zhangbin/skio/code/java/trading/target/classes started by zhangbin in /Users/zhangbin/skio/code/java/trading) 
[DEBUG] 2018-07-25 17:19:33 [restartedMain] w.v.trading.TradingApplication53: Running with Spring Boot v2.0.3.RELEASE, Spring v5.0.7.RELEASE 
[INFO ] 2018-07-25 17:19:33 [restartedMain] w.v.trading.TradingApplication659: No active profile set, falling back to default profiles: default 
[INFO ] 2018-07-25 17:20:37 [restartedMain] w.v.trading.TradingApplication50: Starting TradingApplication on Jasons-MBP with PID 57270 (/Users/zhangbin/skio/code/java/trading/target/classes started by zhangbin in /Users/zhangbin/skio/code/java/trading) 
[DEBUG] 2018-07-25 17:20:37 [restartedMain] w.v.trading.TradingApplication53: Running with Spring Boot v2.0.3.RELEASE, Spring v5.0.7.RELEASE 
[INFO ] 2018-07-25 17:20:37 [restartedMain] w.v.trading.TradingApplication659: No active profile set, falling back to default profiles: default 
[INFO ] 2018-07-25 17:22:28 [restartedMain] w.v.trading.TradingApplication50: Starting TradingApplication on Jasons-MBP with PID 57294 (/Users/zhangbin/skio/code/java/trading/target/classes started by zhangbin in /Users/zhangbin/skio/code/java/trading) 
[DEBUG] 2018-07-25 17:22:28 [restartedMain] w.v.trading.TradingApplication53: Running with Spring Boot v2.0.3.RELEASE, Spring v5.0.7.RELEASE 
[INFO ] 2018-07-25 17:22:28 [restartedMain] w.v.trading.TradingApplication659: No active profile set, falling back to default profiles: default 
[INFO ] 2018-07-25 17:23:58 [restartedMain] w.v.trading.TradingApplication50: Starting TradingApplication on Jasons-MBP with PID 57311 (/Users/zhangbin/skio/code/java/trading/target/classes started by zhangbin in /Users/zhangbin/skio/code/java/trading) 
[DEBUG] 2018-07-25 17:23:58 [restartedMain] w.v.trading.TradingApplication53: Running with Spring Boot v2.0.3.RELEASE, Spring v5.0.7.RELEASE 
[INFO ] 2018-07-25 17:23:58 [restartedMain] w.v.trading.TradingApplication659: No active profile set, falling back to default profiles: default 
[INFO ] 2018-07-25 17:26:09 [restartedMain] w.v.trading.TradingApplication50: Starting TradingApplication on Jasons-MBP with PID 57357 (/Users/zhangbin/skio/code/java/trading/target/classes started by zhangbin in /Users/zhangbin/skio/code/java/trading) 
[DEBUG] 2018-07-25 17:26:09 [restartedMain] w.v.trading.TradingApplication53: Running with Spring Boot v2.0.3.RELEASE, Spring v5.0.7.RELEASE 
[INFO ] 2018-07-25 17:26:09 [restartedMain] w.v.trading.TradingApplication663: The following profiles are active: dev 
[INFO ] 2018-07-25 17:26:12 [restartedMain] w.v.trading.TradingApplication59: Started TradingApplication in 3.413 seconds (JVM running for 4.285) 
[DEBUG] 2018-07-25 17:26:47 [http-nio-8080-exec-1] w.v.t.dao.ClientInfoMapper.save159: ==>  Preparing: INSERT INTO client_info（futures_capital_number,name,company_name,stock_capital_number）VALUES(?,?,?,?)  
[DEBUG] 2018-07-25 17:26:47 [http-nio-8080-exec-1] w.v.t.dao.ClientInfoMapper.save159: ==> Parameters: 660300205912(String), 660300205912(String), 国信期货有限责任公司(String), (String) 
[INFO ] 2018-07-25 17:28:23 [restartedMain] w.v.trading.TradingApplication50: Starting TradingApplication on Jasons-MBP with PID 57391 (/Users/zhangbin/skio/code/java/trading/target/classes started by zhangbin in /Users/zhangbin/skio/code/java/trading) 
[DEBUG] 2018-07-25 17:28:23 [restartedMain] w.v.trading.TradingApplication53: Running with Spring Boot v2.0.3.RELEASE, Spring v5.0.7.RELEASE 
[INFO ] 2018-07-25 17:28:23 [restartedMain] w.v.trading.TradingApplication663: The following profiles are active: dev 
[INFO ] 2018-07-25 17:28:26 [restartedMain] w.v.trading.TradingApplication59: Started TradingApplication in 3.522 seconds (JVM running for 4.386) 
[DEBUG] 2018-07-25 17:28:37 [http-nio-8080-exec-1] w.v.t.dao.ClientInfoMapper.save159: ==>  Preparing: INSERT INTO client_info(futures_capital_number, name, company_name, stock_capital_number)VALUES(?,?,?,?)  
[DEBUG] 2018-07-25 17:28:37 [http-nio-8080-exec-1] w.v.t.dao.ClientInfoMapper.save159: ==> Parameters: 660300205912(String), 660300205912(String), 国信期货有限责任公司(String), (String) 
[DEBUG] 2018-07-25 17:28:37 [http-nio-8080-exec-1] w.v.t.dao.ClientInfoMapper.save159: <==    Updates: 1 
